Grammar

    0 $accept: G $end

    1 G: S

    2 S: S 'a'
    3  | 'x'
    4  | 'y'


Terminals, with rules where they appear

$end (0) 0
'a' (97) 2
'x' (120) 3
'y' (121) 4
error (256)


Nonterminals, with rules where they appear

$accept (6)
    on left: 0
G (7)
    on left: 1, on right: 0
S (8)
    on left: 2 3 4, on right: 1 2


state 0

    0 $accept: . G $end

    'x'  shift, and go to state 1
    'y'  shift, and go to state 2

    G  go to state 3
    S  go to state 4


state 1

    3 S: 'x' .

    $default  reduce using rule 3 (S)


state 2

    4 S: 'y' .

    $default  reduce using rule 4 (S)


state 3

    0 $accept: G . $end

    $end  shift, and go to state 5


state 4

    1 G: S .
    2 S: S . 'a'

    'a'  shift, and go to state 6

    $default  reduce using rule 1 (G)


state 5

    0 $accept: G $end .

    $default  accept


state 6

    2 S: S 'a' .

    $default  reduce using rule 2 (S)
